\BOOKMARK [1][-]{section.1}{Introduction}{}% 1
\BOOKMARK [1][-]{section.2}{Zebro\040platform}{}% 2
\BOOKMARK [1][-]{section.3}{Navigation\040sensors}{}% 3
\BOOKMARK [2][-]{subsection.3.1}{LIDAR}{section.3}% 4
\BOOKMARK [3][-]{subsubsection.3.1.1}{Timed\040Pulse\040Method}{subsection.3.1}% 5
\BOOKMARK [3][-]{subsubsection.3.1.2}{Phase\040Comparison\040Method}{subsection.3.1}% 6
\BOOKMARK [2][-]{subsection.3.2}{RADAR}{section.3}% 7
\BOOKMARK [3][-]{subsubsection.3.2.1}{How\040detect\040objects\040with\040radar}{subsection.3.2}% 8
\BOOKMARK [1][-]{section.4}{Position\040sensor}{}% 9
\BOOKMARK [2][-]{subsection.4.1}{GPS}{section.4}% 10
\BOOKMARK [3][-]{subsubsection.4.1.1}{Measurement\040of\040the\040distance\040to\040the\040satellites}{subsection.4.1}% 11
\BOOKMARK [3][-]{subsubsection.4.1.2}{Calculating\040the\040position}{subsection.4.1}% 12
\BOOKMARK [1][-]{section.5}{Cameras}{}% 13
\BOOKMARK [2][-]{subsubsection.5.0.3}{CCD}{section.5}% 14
\BOOKMARK [3][-]{subsubsection.5.0.4}{CMOS\040image\040sensor}{subsubsection.5.0.3}% 15
\BOOKMARK [3][-]{subsubsection.5.0.5}{Comparison}{subsubsection.5.0.3}% 16
\BOOKMARK [1][-]{section.6}{Microcontroller}{}% 17
\BOOKMARK [2][-]{subsection.6.1}{Important\040microcontroller\040specifications}{section.6}% 18
\BOOKMARK [1][-]{section.7}{Telecommunications}{}% 19
\BOOKMARK [2][-]{subsection.7.1}{Link\040budget\040analysis}{section.7}% 20
\BOOKMARK [3][-]{subsubsection.7.1.1}{Antenna\040gain}{subsection.7.1}% 21
\BOOKMARK [3][-]{subsubsection.7.1.2}{Free\040space\040gain}{subsection.7.1}% 22
\BOOKMARK [3][-]{subsubsection.7.1.3}{signal-to-noise\040ratio}{subsection.7.1}% 23
\BOOKMARK [2][-]{subsection.7.2}{Transceiver}{section.7}% 24
\BOOKMARK [3][-]{subsubsection.7.2.1}{Oscillator}{subsection.7.2}% 25
\BOOKMARK [3][-]{subsubsection.7.2.2}{Modulation}{subsection.7.2}% 26
\BOOKMARK [1][-]{section.8}{User\040platform}{}% 27
\BOOKMARK [1][-]{section.9}{Conclusion}{}% 28
\BOOKMARK [1][-]{section.10}{Bibliography}{}% 29
