\BOOKMARK [1][-]{section.1}{Introduction}{}% 1
\BOOKMARK [1][-]{section.2}{LIDAR}{}% 2
\BOOKMARK [2][-]{subsection.2.1}{Timed\040Pulse\040Method}{section.2}% 3
\BOOKMARK [2][-]{subsection.2.2}{Phase\040Comparison\040Method}{section.2}% 4
\BOOKMARK [1][-]{section.3}{RADAR}{}% 5
\BOOKMARK [2][-]{subsection.3.1}{How\040detect\040objects\040with\040radar}{section.3}% 6
\BOOKMARK [1][-]{section.4}{GPS}{}% 7
\BOOKMARK [2][-]{subsection.4.1}{Measurement\040of\040the\040distance\040to\040the\040satellites}{section.4}% 8
\BOOKMARK [2][-]{subsection.4.2}{Calculating\040the\040position}{section.4}% 9
\BOOKMARK [1][-]{section.5}{Telecommunications}{}% 10
\BOOKMARK [2][-]{subsection.5.1}{Link\040budget\040analysis}{section.5}% 11
\BOOKMARK [3][-]{subsubsection.5.1.1}{Antenna\040gain}{subsection.5.1}% 12
\BOOKMARK [3][-]{subsubsection.5.1.2}{Free\040space\040gain}{subsection.5.1}% 13
\BOOKMARK [3][-]{subsubsection.5.1.3}{signal-to-noise\040ratio}{subsection.5.1}% 14
\BOOKMARK [2][-]{subsection.5.2}{Transceiver}{section.5}% 15
\BOOKMARK [3][-]{subsubsection.5.2.1}{Oscillator}{subsection.5.2}% 16
\BOOKMARK [3][-]{subsubsection.5.2.2}{Modulation}{subsection.5.2}% 17
\BOOKMARK [1][-]{section.6}{CMOS\040and\040CCD\040cameras}{}% 18
\BOOKMARK [2][-]{subsection.6.1}{CCD}{section.6}% 19
\BOOKMARK [2][-]{subsection.6.2}{CMOS\040image\040sensor}{section.6}% 20
\BOOKMARK [2][-]{subsection.6.3}{Comparison}{section.6}% 21
\BOOKMARK [1][-]{section.7}{Microcontroller}{}% 22
\BOOKMARK [2][-]{subsection.7.1}{Important\040microcontroller\040specifications}{section.7}% 23
\BOOKMARK [1][-]{section.8}{Bibliography}{}% 24
